{
"contracts\\TrudeAffiliate.sol":{"l":{"32":0,"33":0,"45":0,"46":0,"47":0,"48":0,"61":0},"path":"C:\\Users\\filip\\OneDrive\\Desktop\\TRUDEx\\TRUDE\\contracts\\TrudeAffiliate.sol","s":{"1":0,"2":0,"3":0,"4":0,"5":0,"6":0},"b":{"1":[0,0],"2":[0,0],"3":[0,0],"4":[0,0]},"f":{"1":0,"2":0,"3":0},"fnMap":{"1":{"name":"initialize","line":31,"loc":{"start":{"line":31,"column":4},"end":{"line":34,"column":4}}},"2":{"name":"recordAffiliateEarning","line":43,"loc":{"start":{"line":41,"column":4},"end":{"line":49,"column":4}}},"3":{"name":"getAffiliateEarnings","line":56,"loc":{"start":{"line":56,"column":4},"end":{"line":62,"column":4}}}},"statementMap":{"1":{"start":{"line":32,"column":8},"end":{"line":32,"column":23}},"2":{"start":{"line":33,"column":8},"end":{"line":33,"column":32}},"3":{"start":{"line":45,"column":8},"end":{"line":45,"column":59}},"4":{"start":{"line":46,"column":8},"end":{"line":46,"column":44}},"5":{"start":{"line":48,"column":8},"end":{"line":48,"column":45}},"6":{"start":{"line":61,"column":8},"end":{"line":61,"column":48}}},"branchMap":{"1":{"line":31,"type":"if","locations":[{"start":{"line":31,"column":47},"end":{"line":31,"column":47}},{"start":{"line":31,"column":47},"end":{"line":31,"column":47}}]},"2":{"line":43,"type":"if","locations":[{"start":{"line":43,"column":8},"end":{"line":43,"column":8}},{"start":{"line":43,"column":8},"end":{"line":43,"column":8}}]},"3":{"line":45,"type":"if","locations":[{"start":{"line":45,"column":8},"end":{"line":45,"column":8}},{"start":{"line":45,"column":8},"end":{"line":45,"column":8}}]},"4":{"line":46,"type":"if","locations":[{"start":{"line":46,"column":8},"end":{"line":46,"column":8}},{"start":{"line":46,"column":8},"end":{"line":46,"column":8}}]}}},
"contracts\\TrudeFactory.sol":{"l":{"87":0,"88":0,"96":1,"97":1,"98":1,"99":1,"101":1,"102":1,"104":1,"105":1,"106":1,"107":1,"116":1,"117":1,"118":1,"119":1,"120":1,"121":1,"122":1,"123":1,"129":0,"130":0,"131":0,"132":0,"138":0,"139":0,"140":0,"145":0,"146":0,"150":0,"151":0,"155":0,"156":0,"157":0,"161":0,"162":0,"163":0,"167":0,"171":0,"176":0,"177":0,"178":0,"189":0,"190":0},"path":"C:\\Users\\filip\\OneDrive\\Desktop\\TRUDEx\\TRUDE\\contracts\\TrudeFactory.sol","s":{"1":0,"2":1,"3":1,"4":1,"5":1,"6":1,"7":1,"8":1,"9":1,"10":1,"11":1,"12":1,"13":1,"14":1,"15":0,"16":0,"17":0,"18":0,"19":0,"20":0,"21":0,"22":0,"23":0,"24":0,"25":0,"26":0,"27":0,"28":0,"29":0,"30":0,"31":0,"32":0},"b":{"1":[0,0],"2":[1,0],"3":[0,1],"4":[0,1],"5":[0,0],"6":[1,0],"7":[0,1],"8":[0,0],"9":[0,0],"10":[0,0],"11":[0,0],"12":[0,0],"13":[0,0],"14":[0,0],"15":[0,0],"16":[0,0],"17":[0,0],"18":[0,0],"19":[0,0],"20":[0,0],"21":[0,0],"22":[0,0],"23":[0,0],"24":[0,0],"25":[0,0],"26":[0,0],"27":[0,0]},"f":{"1":0,"2":1,"3":0,"4":1,"5":0,"6":0,"7":0,"8":0,"9":0,"10":0,"11":0,"12":0,"13":0,"14":0},"fnMap":{"1":{"name":"onlyLedger","line":86,"loc":{"start":{"line":86,"column":4},"end":{"line":89,"column":4}}},"2":{"name":"initialize","line":94,"loc":{"start":{"line":92,"column":4},"end":{"line":108,"column":4}}},"3":{"name":"_authorizeUpgrade","line":111,"loc":{"start":{"line":111,"column":4},"end":{"line":111,"column":69}}},"4":{"name":"createVault","line":115,"loc":{"start":{"line":115,"column":4},"end":{"line":124,"column":4}}},"5":{"name":"registerAffiliate","line":128,"loc":{"start":{"line":128,"column":4},"end":{"line":133,"column":4}}},"6":{"name":"setLedger","line":137,"loc":{"start":{"line":137,"column":4},"end":{"line":141,"column":4}}},"7":{"name":"setAffiliateTracker","line":144,"loc":{"start":{"line":144,"column":4},"end":{"line":147,"column":4}}},"8":{"name":"setMinDeposit","line":149,"loc":{"start":{"line":149,"column":4},"end":{"line":152,"column":4}}},"9":{"name":"setAffiliateShareBps","line":154,"loc":{"start":{"line":154,"column":4},"end":{"line":158,"column":4}}},"10":{"name":"setMaxFeePercent","line":160,"loc":{"start":{"line":160,"column":4},"end":{"line":164,"column":4}}},"11":{"name":"pause","line":166,"loc":{"start":{"line":166,"column":4},"end":{"line":168,"column":4}}},"12":{"name":"unpause","line":170,"loc":{"start":{"line":170,"column":4},"end":{"line":172,"column":4}}},"13":{"name":"recordAffiliateEarning","line":175,"loc":{"start":{"line":175,"column":4},"end":{"line":180,"column":4}}},"14":{"name":"registerProfitFor","line":187,"loc":{"start":{"line":184,"column":4},"end":{"line":191,"column":4}}}},"statementMap":{"1":{"start":{"line":87,"column":8},"end":{"line":87,"column":56}},"2":{"start":{"line":96,"column":8},"end":{"line":96,"column":23}},"3":{"start":{"line":97,"column":8},"end":{"line":97,"column":32}},"4":{"start":{"line":98,"column":8},"end":{"line":98,"column":24}},"5":{"start":{"line":99,"column":8},"end":{"line":99,"column":31}},"6":{"start":{"line":101,"column":8},"end":{"line":101,"column":54}},"7":{"start":{"line":102,"column":8},"end":{"line":102,"column":52}},"8":{"start":{"line":116,"column":8},"end":{"line":116,"column":52}},"9":{"start":{"line":117,"column":8},"end":{"line":117,"column":43}},"10":{"start":{"line":118,"column":8},"end":{"line":118,"column":29}},"11":{"start":{"line":119,"column":8},"end":{"line":119,"column":28}},"12":{"start":{"line":120,"column":8},"end":{"line":120,"column":56}},"13":{"start":{"line":122,"column":8},"end":{"line":122,"column":53}},"14":{"start":{"line":123,"column":8},"end":{"line":123,"column":29}},"15":{"start":{"line":129,"column":8},"end":{"line":129,"column":78}},"16":{"start":{"line":130,"column":8},"end":{"line":130,"column":71}},"17":{"start":{"line":132,"column":8},"end":{"line":132,"column":48}},"18":{"start":{"line":138,"column":8},"end":{"line":138,"column":58}},"19":{"start":{"line":140,"column":8},"end":{"line":140,"column":38}},"20":{"start":{"line":145,"column":8},"end":{"line":145,"column":56}},"21":{"start":{"line":151,"column":8},"end":{"line":151,"column":39}},"22":{"start":{"line":155,"column":8},"end":{"line":155,"column":53}},"23":{"start":{"line":157,"column":8},"end":{"line":157,"column":48}},"24":{"start":{"line":161,"column":8},"end":{"line":161,"column":50}},"25":{"start":{"line":163,"column":8},"end":{"line":163,"column":35}},"26":{"start":{"line":167,"column":8},"end":{"line":167,"column":15}},"27":{"start":{"line":171,"column":8},"end":{"line":171,"column":17}},"28":{"start":{"line":176,"column":8},"end":{"line":176,"column":51}},"29":{"start":{"line":177,"column":8},"end":{"line":177,"column":6139}},"30":{"start":{"line":178,"column":12},"end":{"line":178,"column":86}},"31":{"start":{"line":189,"column":8},"end":{"line":189,"column":46}},"32":{"start":{"line":190,"column":8},"end":{"line":190,"column":53}}},"branchMap":{"1":{"line":87,"type":"if","locations":[{"start":{"line":87,"column":8},"end":{"line":87,"column":8}},{"start":{"line":87,"column":8},"end":{"line":87,"column":8}}]},"2":{"line":94,"type":"if","locations":[{"start":{"line":94,"column":8},"end":{"line":94,"column":8}},{"start":{"line":94,"column":8},"end":{"line":94,"column":8}}]},"3":{"line":101,"type":"if","locations":[{"start":{"line":101,"column":8},"end":{"line":101,"column":8}},{"start":{"line":101,"column":8},"end":{"line":101,"column":8}}]},"4":{"line":102,"type":"if","locations":[{"start":{"line":102,"column":8},"end":{"line":102,"column":8}},{"start":{"line":102,"column":8},"end":{"line":102,"column":8}}]},"5":{"line":111,"type":"if","locations":[{"start":{"line":111,"column":58},"end":{"line":111,"column":58}},{"start":{"line":111,"column":58},"end":{"line":111,"column":58}}]},"6":{"line":115,"type":"if","locations":[{"start":{"line":115,"column":50},"end":{"line":115,"column":50}},{"start":{"line":115,"column":50},"end":{"line":115,"column":50}}]},"7":{"line":116,"type":"if","locations":[{"start":{"line":116,"column":8},"end":{"line":116,"column":8}},{"start":{"line":116,"column":8},"end":{"line":116,"column":8}}]},"8":{"line":128,"type":"if","locations":[{"start":{"line":128,"column":72},"end":{"line":128,"column":72}},{"start":{"line":128,"column":72},"end":{"line":128,"column":72}}]},"9":{"line":129,"type":"if","locations":[{"start":{"line":129,"column":8},"end":{"line":129,"column":8}},{"start":{"line":129,"column":8},"end":{"line":129,"column":8}}]},"10":{"line":129,"type":"cond-expr","locations":[{"start":{"line":129,"column":12},"end":{"line":129,"column":29}},{"start":{"line":129,"column":34},"end":{"line":129,"column":55}}]},"11":{"line":130,"type":"if","locations":[{"start":{"line":130,"column":8},"end":{"line":130,"column":8}},{"start":{"line":130,"column":8},"end":{"line":130,"column":8}}]},"12":{"line":137,"type":"if","locations":[{"start":{"line":137,"column":52},"end":{"line":137,"column":52}},{"start":{"line":137,"column":52},"end":{"line":137,"column":52}}]},"13":{"line":138,"type":"if","locations":[{"start":{"line":138,"column":8},"end":{"line":138,"column":8}},{"start":{"line":138,"column":8},"end":{"line":138,"column":8}}]},"14":{"line":144,"type":"if","locations":[{"start":{"line":144,"column":60},"end":{"line":144,"column":60}},{"start":{"line":144,"column":60},"end":{"line":144,"column":60}}]},"15":{"line":145,"type":"if","locations":[{"start":{"line":145,"column":8},"end":{"line":145,"column":8}},{"start":{"line":145,"column":8},"end":{"line":145,"column":8}}]},"16":{"line":149,"type":"if","locations":[{"start":{"line":149,"column":53},"end":{"line":149,"column":53}},{"start":{"line":149,"column":53},"end":{"line":149,"column":53}}]},"17":{"line":154,"type":"if","locations":[{"start":{"line":154,"column":65},"end":{"line":154,"column":65}},{"start":{"line":154,"column":65},"end":{"line":154,"column":65}}]},"18":{"line":155,"type":"if","locations":[{"start":{"line":155,"column":8},"end":{"line":155,"column":8}},{"start":{"line":155,"column":8},"end":{"line":155,"column":8}}]},"19":{"line":160,"type":"if","locations":[{"start":{"line":160,"column":56},"end":{"line":160,"column":56}},{"start":{"line":160,"column":56},"end":{"line":160,"column":56}}]},"20":{"line":161,"type":"if","locations":[{"start":{"line":161,"column":8},"end":{"line":161,"column":8}},{"start":{"line":161,"column":8},"end":{"line":161,"column":8}}]},"21":{"line":166,"type":"if","locations":[{"start":{"line":166,"column":30},"end":{"line":166,"column":30}},{"start":{"line":166,"column":30},"end":{"line":166,"column":30}}]},"22":{"line":170,"type":"if","locations":[{"start":{"line":170,"column":32},"end":{"line":170,"column":32}},{"start":{"line":170,"column":32},"end":{"line":170,"column":32}}]},"23":{"line":176,"type":"if","locations":[{"start":{"line":176,"column":8},"end":{"line":176,"column":8}},{"start":{"line":176,"column":8},"end":{"line":176,"column":8}}]},"24":{"line":177,"type":"if","locations":[{"start":{"line":177,"column":8},"end":{"line":177,"column":8}},{"start":{"line":177,"column":8},"end":{"line":177,"column":8}}]},"25":{"line":186,"type":"if","locations":[{"start":{"line":186,"column":8},"end":{"line":186,"column":8}},{"start":{"line":186,"column":8},"end":{"line":186,"column":8}}]},"26":{"line":187,"type":"if","locations":[{"start":{"line":187,"column":8},"end":{"line":187,"column":8}},{"start":{"line":187,"column":8},"end":{"line":187,"column":8}}]},"27":{"line":189,"type":"if","locations":[{"start":{"line":189,"column":8},"end":{"line":189,"column":8}},{"start":{"line":189,"column":8},"end":{"line":189,"column":8}}]}}},
"contracts\\TrudeVault.sol":{"l":{"62":0,"63":0,"72":1,"73":1,"74":1,"75":1,"76":1,"78":1,"79":1,"80":1,"81":1,"82":1,"90":0,"91":0,"92":0,"94":0,"95":0,"96":0,"97":0,"98":0,"100":0,"101":0,"105":0,"106":0,"107":0,"108":0,"109":0,"113":0,"114":0,"117":0,"119":0,"120":0,"121":0,"122":0,"123":0,"126":0,"127":0,"128":0,"129":0,"130":0,"133":0,"134":0,"136":0,"137":0,"138":0,"141":0,"142":0,"144":0,"145":0,"153":0,"154":0,"155":0,"157":0,"159":0,"161":0,"162":0,"163":0,"169":0,"170":0,"174":0,"175":0,"181":0,"182":0,"184":0,"185":0,"186":0,"194":0},"path":"C:\\Users\\filip\\OneDrive\\Desktop\\TRUDEx\\TRUDE\\contracts\\TrudeVault.sol","s":{"1":0,"2":1,"3":1,"4":1,"5":1,"6":1,"7":1,"8":1,"9":0,"10":0,"11":0,"12":0,"13":0,"14":0,"15":0,"16":0,"17":0,"18":0,"19":0,"20":0,"21":0,"22":0,"23":0,"24":0,"25":0,"26":0,"27":0,"28":0,"29":0,"30":0,"31":0,"32":0,"33":0,"34":0,"35":0,"36":0,"37":0,"38":0,"39":0,"40":0,"41":0,"42":0,"43":0,"44":0,"45":0,"46":0,"47":0,"48":0,"49":0,"50":0,"51":0,"52":0,"53":0,"54":0},"b":{"1":[0,0],"2":[1,0],"3":[0,1],"4":[0,0],"5":[0,1],"6":[0,0],"7":[0,0],"8":[0,0],"9":[0,0],"10":[0,0],"11":[0,0],"12":[0,0],"13":[0,0],"14":[0,0],"15":[0,0],"16":[0,0],"17":[0,0],"18":[0,0],"19":[0,0],"20":[0,0],"21":[0,0],"22":[0,0],"23":[0,0],"24":[0,0]},"f":{"1":0,"2":1,"3":0,"4":0,"5":0,"6":0,"7":0,"8":0,"9":0,"10":0,"11":0},"fnMap":{"1":{"name":"onlyFactory","line":61,"loc":{"start":{"line":61,"column":4},"end":{"line":64,"column":4}}},"2":{"name":"initialize","line":71,"loc":{"start":{"line":66,"column":4},"end":{"line":83,"column":4}}},"3":{"name":"_authorizeUpgrade","line":85,"loc":{"start":{"line":85,"column":4},"end":{"line":85,"column":69}}},"4":{"name":"deposit","line":89,"loc":{"start":{"line":89,"column":4},"end":{"line":102,"column":4}}},"5":{"name":"registerProfit","line":104,"loc":{"start":{"line":104,"column":4},"end":{"line":110,"column":4}}},"6":{"name":"withdrawProfit","line":112,"loc":{"start":{"line":112,"column":4},"end":{"line":146,"column":4}}},"7":{"name":"_calculateDynamicFee","line":148,"loc":{"start":{"line":148,"column":4},"end":{"line":164,"column":4}}},"8":{"name":"pause","line":168,"loc":{"start":{"line":168,"column":4},"end":{"line":171,"column":4}}},"9":{"name":"unpause","line":173,"loc":{"start":{"line":173,"column":4},"end":{"line":176,"column":4}}},"10":{"name":"emergencyWithdraw","line":180,"loc":{"start":{"line":180,"column":4},"end":{"line":187,"column":4}}},"11":{"name":"totalAssets","line":193,"loc":{"start":{"line":193,"column":4},"end":{"line":195,"column":4}}}},"statementMap":{"1":{"start":{"line":62,"column":8},"end":{"line":62,"column":54}},"2":{"start":{"line":72,"column":8},"end":{"line":72,"column":23}},"3":{"start":{"line":73,"column":8},"end":{"line":73,"column":32}},"4":{"start":{"line":74,"column":8},"end":{"line":74,"column":24}},"5":{"start":{"line":75,"column":8},"end":{"line":75,"column":31}},"6":{"start":{"line":76,"column":8},"end":{"line":76,"column":31}},"7":{"start":{"line":78,"column":8},"end":{"line":78,"column":81}},"8":{"start":{"line":79,"column":8},"end":{"line":79,"column":52}},"9":{"start":{"line":90,"column":8},"end":{"line":90,"column":44}},"10":{"start":{"line":91,"column":8},"end":{"line":91,"column":46}},"11":{"start":{"line":92,"column":8},"end":{"line":92,"column":54}},"12":{"start":{"line":94,"column":8},"end":{"line":94,"column":32}},"13":{"start":{"line":95,"column":8},"end":{"line":95,"column":60}},"14":{"start":{"line":97,"column":8},"end":{"line":97,"column":39}},"15":{"start":{"line":100,"column":8},"end":{"line":100,"column":40}},"16":{"start":{"line":101,"column":8},"end":{"line":101,"column":47}},"17":{"start":{"line":106,"column":8},"end":{"line":106,"column":39}},"18":{"start":{"line":108,"column":8},"end":{"line":108,"column":43}},"19":{"start":{"line":109,"column":8},"end":{"line":109,"column":47}},"20":{"start":{"line":113,"column":8},"end":{"line":113,"column":44}},"21":{"start":{"line":114,"column":8},"end":{"line":114,"column":42}},"22":{"start":{"line":119,"column":8},"end":{"line":119,"column":46}},"23":{"start":{"line":120,"column":8},"end":{"line":120,"column":32}},"24":{"start":{"line":121,"column":8},"end":{"line":121,"column":57}},"25":{"start":{"line":122,"column":8},"end":{"line":122,"column":46}},"26":{"start":{"line":123,"column":8},"end":{"line":123,"column":37}},"27":{"start":{"line":126,"column":8},"end":{"line":126,"column":53}},"28":{"start":{"line":127,"column":8},"end":{"line":127,"column":4662}},"29":{"start":{"line":128,"column":12},"end":{"line":128,"column":47}},"30":{"start":{"line":129,"column":12},"end":{"line":129,"column":54}},"31":{"start":{"line":130,"column":12},"end":{"line":130,"column":50}},"32":{"start":{"line":133,"column":12},"end":{"line":133,"column":76}},"33":{"start":{"line":136,"column":8},"end":{"line":136,"column":35}},"34":{"start":{"line":137,"column":8},"end":{"line":137,"column":37}},"35":{"start":{"line":138,"column":8},"end":{"line":138,"column":41}},"36":{"start":{"line":141,"column":8},"end":{"line":141,"column":39}},"37":{"start":{"line":144,"column":8},"end":{"line":144,"column":46}},"38":{"start":{"line":145,"column":8},"end":{"line":145,"column":47}},"39":{"start":{"line":153,"column":8},"end":{"line":153,"column":20}},"40":{"start":{"line":154,"column":8},"end":{"line":154,"column":5659}},"41":{"start":{"line":156,"column":15},"end":{"line":156,"column":5729}},"42":{"start":{"line":161,"column":8},"end":{"line":161,"column":39}},"43":{"start":{"line":162,"column":8},"end":{"line":162,"column":34}},"44":{"start":{"line":162,"column":24},"end":{"line":162,"column":34}},"45":{"start":{"line":163,"column":8},"end":{"line":163,"column":19}},"46":{"start":{"line":169,"column":8},"end":{"line":169,"column":81}},"47":{"start":{"line":170,"column":8},"end":{"line":170,"column":15}},"48":{"start":{"line":174,"column":8},"end":{"line":174,"column":81}},"49":{"start":{"line":175,"column":8},"end":{"line":175,"column":17}},"50":{"start":{"line":181,"column":8},"end":{"line":181,"column":50}},"51":{"start":{"line":182,"column":8},"end":{"line":182,"column":45}},"52":{"start":{"line":184,"column":8},"end":{"line":184,"column":39}},"53":{"start":{"line":186,"column":8},"end":{"line":186,"column":47}},"54":{"start":{"line":194,"column":8},"end":{"line":194,"column":53}}},"branchMap":{"1":{"line":62,"type":"if","locations":[{"start":{"line":62,"column":8},"end":{"line":62,"column":8}},{"start":{"line":62,"column":8},"end":{"line":62,"column":8}}]},"2":{"line":71,"type":"if","locations":[{"start":{"line":71,"column":13},"end":{"line":71,"column":13}},{"start":{"line":71,"column":13},"end":{"line":71,"column":13}}]},"3":{"line":78,"type":"if","locations":[{"start":{"line":78,"column":8},"end":{"line":78,"column":8}},{"start":{"line":78,"column":8},"end":{"line":78,"column":8}}]},"4":{"line":78,"type":"cond-expr","locations":[{"start":{"line":78,"column":12},"end":{"line":78,"column":33}},{"start":{"line":78,"column":38},"end":{"line":78,"column":58}}]},"5":{"line":79,"type":"if","locations":[{"start":{"line":79,"column":8},"end":{"line":79,"column":8}},{"start":{"line":79,"column":8},"end":{"line":79,"column":8}}]},"6":{"line":85,"type":"if","locations":[{"start":{"line":85,"column":58},"end":{"line":85,"column":58}},{"start":{"line":85,"column":58},"end":{"line":85,"column":58}}]},"7":{"line":89,"type":"if","locations":[{"start":{"line":89,"column":46},"end":{"line":89,"column":46}},{"start":{"line":89,"column":46},"end":{"line":89,"column":46}}]},"8":{"line":89,"type":"if","locations":[{"start":{"line":89,"column":60},"end":{"line":89,"column":60}},{"start":{"line":89,"column":60},"end":{"line":89,"column":60}}]},"9":{"line":90,"type":"if","locations":[{"start":{"line":90,"column":8},"end":{"line":90,"column":8}},{"start":{"line":90,"column":8},"end":{"line":90,"column":8}}]},"10":{"line":92,"type":"if","locations":[{"start":{"line":92,"column":8},"end":{"line":92,"column":8}},{"start":{"line":92,"column":8},"end":{"line":92,"column":8}}]},"11":{"line":104,"type":"if","locations":[{"start":{"line":104,"column":67},"end":{"line":104,"column":67}},{"start":{"line":104,"column":67},"end":{"line":104,"column":67}}]},"12":{"line":112,"type":"if","locations":[{"start":{"line":112,"column":39},"end":{"line":112,"column":39}},{"start":{"line":112,"column":39},"end":{"line":112,"column":39}}]},"13":{"line":112,"type":"if","locations":[{"start":{"line":112,"column":53},"end":{"line":112,"column":53}},{"start":{"line":112,"column":53},"end":{"line":112,"column":53}}]},"14":{"line":114,"type":"if","locations":[{"start":{"line":114,"column":8},"end":{"line":114,"column":8}},{"start":{"line":114,"column":8},"end":{"line":114,"column":8}}]},"15":{"line":127,"type":"if","locations":[{"start":{"line":127,"column":8},"end":{"line":127,"column":8}},{"start":{"line":127,"column":8},"end":{"line":127,"column":8}}]},"16":{"line":154,"type":"if","locations":[{"start":{"line":154,"column":8},"end":{"line":154,"column":8}},{"start":{"line":154,"column":8},"end":{"line":154,"column":8}}]},"17":{"line":156,"type":"if","locations":[{"start":{"line":156,"column":15},"end":{"line":156,"column":15}},{"start":{"line":156,"column":15},"end":{"line":156,"column":15}}]},"18":{"line":162,"type":"if","locations":[{"start":{"line":162,"column":8},"end":{"line":162,"column":8}},{"start":{"line":162,"column":8},"end":{"line":162,"column":8}}]},"19":{"line":169,"type":"if","locations":[{"start":{"line":169,"column":8},"end":{"line":169,"column":8}},{"start":{"line":169,"column":8},"end":{"line":169,"column":8}}]},"20":{"line":174,"type":"if","locations":[{"start":{"line":174,"column":8},"end":{"line":174,"column":8}},{"start":{"line":174,"column":8},"end":{"line":174,"column":8}}]},"21":{"line":180,"type":"if","locations":[{"start":{"line":180,"column":68},"end":{"line":180,"column":68}},{"start":{"line":180,"column":68},"end":{"line":180,"column":68}}]},"22":{"line":180,"type":"if","locations":[{"start":{"line":180,"column":79},"end":{"line":180,"column":79}},{"start":{"line":180,"column":79},"end":{"line":180,"column":79}}]},"23":{"line":181,"type":"if","locations":[{"start":{"line":181,"column":8},"end":{"line":181,"column":8}},{"start":{"line":181,"column":8},"end":{"line":181,"column":8}}]},"24":{"line":185,"type":"if","locations":[{"start":{"line":185,"column":44},"end":{"line":185,"column":58}},{"start":{"line":185,"column":62},"end":{"line":185,"column":62}}]}}},
"contracts\\USDCMock.sol":{"l":{"8":1,"12":0},"path":"C:\\Users\\filip\\OneDrive\\Desktop\\TRUDEx\\TRUDE\\contracts\\USDCMock.sol","s":{"1":1,"2":0},"b":{},"f":{"1":1,"2":0},"fnMap":{"1":{"name":"constructor","line":7,"loc":{"start":{"line":7,"column":4},"end":{"line":9,"column":4}}},"2":{"name":"decimals","line":11,"loc":{"start":{"line":11,"column":4},"end":{"line":13,"column":4}}}},"statementMap":{"1":{"start":{"line":8,"column":8},"end":{"line":8,"column":39}},"2":{"start":{"line":12,"column":8},"end":{"line":12,"column":16}}},"branchMap":{}}}
