TN:
SF:C:\Users\filip\OneDrive\Desktop\TRUDEx\TRUDE\contracts\TrudeAffiliate.sol
FN:31,initialize
FN:43,recordAffiliateEarning
FN:56,getAffiliateEarnings
FNF:3
FNH:0
FNDA:0,initialize
FNDA:0,recordAffiliateEarning
FNDA:0,getAffiliateEarnings
DA:32,0
DA:33,0
DA:45,0
DA:46,0
DA:47,0
DA:48,0
DA:61,0
LF:7
LH:0
BRDA:31,1,0,0
BRDA:31,1,1,0
BRDA:43,2,0,0
BRDA:43,2,1,0
BRDA:45,3,0,0
BRDA:45,3,1,0
BRDA:46,4,0,0
BRDA:46,4,1,0
BRF:8
BRH:0
end_of_record
TN:
SF:C:\Users\filip\OneDrive\Desktop\TRUDEx\TRUDE\contracts\TrudeFactory.sol
FN:86,onlyLedger
FN:94,initialize
FN:111,_authorizeUpgrade
FN:115,createVault
FN:128,registerAffiliate
FN:137,setLedger
FN:144,setAffiliateTracker
FN:149,setMinDeposit
FN:154,setAffiliateShareBps
FN:160,setMaxFeePercent
FN:166,pause
FN:170,unpause
FN:175,recordAffiliateEarning
FN:187,registerProfitFor
FNF:14
FNH:2
FNDA:0,onlyLedger
FNDA:1,initialize
FNDA:0,_authorizeUpgrade
FNDA:1,createVault
FNDA:0,registerAffiliate
FNDA:0,setLedger
FNDA:0,setAffiliateTracker
FNDA:0,setMinDeposit
FNDA:0,setAffiliateShareBps
FNDA:0,setMaxFeePercent
FNDA:0,pause
FNDA:0,unpause
FNDA:0,recordAffiliateEarning
FNDA:0,registerProfitFor
DA:87,0
DA:88,0
DA:96,1
DA:97,1
DA:98,1
DA:99,1
DA:101,1
DA:102,1
DA:104,1
DA:105,1
DA:106,1
DA:107,1
DA:116,1
DA:117,1
DA:118,1
DA:119,1
DA:120,1
DA:121,1
DA:122,1
DA:123,1
DA:129,0
DA:130,0
DA:131,0
DA:132,0
DA:138,0
DA:139,0
DA:140,0
DA:145,0
DA:146,0
DA:150,0
DA:151,0
DA:155,0
DA:156,0
DA:157,0
DA:161,0
DA:162,0
DA:163,0
DA:167,0
DA:171,0
DA:176,0
DA:177,0
DA:178,0
DA:189,0
DA:190,0
LF:44
LH:18
BRDA:87,1,0,0
BRDA:87,1,1,0
BRDA:94,2,0,1
BRDA:94,2,1,0
BRDA:101,3,0,0
BRDA:101,3,1,1
BRDA:102,4,0,0
BRDA:102,4,1,1
BRDA:111,5,0,0
BRDA:111,5,1,0
BRDA:115,6,0,1
BRDA:115,6,1,0
BRDA:116,7,0,0
BRDA:116,7,1,1
BRDA:128,8,0,0
BRDA:128,8,1,0
BRDA:129,9,0,0
BRDA:129,9,1,0
BRDA:129,10,0,0
BRDA:129,10,1,0
BRDA:130,11,0,0
BRDA:130,11,1,0
BRDA:137,12,0,0
BRDA:137,12,1,0
BRDA:138,13,0,0
BRDA:138,13,1,0
BRDA:144,14,0,0
BRDA:144,14,1,0
BRDA:145,15,0,0
BRDA:145,15,1,0
BRDA:149,16,0,0
BRDA:149,16,1,0
BRDA:154,17,0,0
BRDA:154,17,1,0
BRDA:155,18,0,0
BRDA:155,18,1,0
BRDA:160,19,0,0
BRDA:160,19,1,0
BRDA:161,20,0,0
BRDA:161,20,1,0
BRDA:166,21,0,0
BRDA:166,21,1,0
BRDA:170,22,0,0
BRDA:170,22,1,0
BRDA:176,23,0,0
BRDA:176,23,1,0
BRDA:177,24,0,0
BRDA:177,24,1,0
BRDA:186,25,0,0
BRDA:186,25,1,0
BRDA:187,26,0,0
BRDA:187,26,1,0
BRDA:189,27,0,0
BRDA:189,27,1,0
BRF:54
BRH:5
end_of_record
TN:
SF:C:\Users\filip\OneDrive\Desktop\TRUDEx\TRUDE\contracts\TrudeVault.sol
FN:61,onlyFactory
FN:71,initialize
FN:85,_authorizeUpgrade
FN:89,deposit
FN:104,registerProfit
FN:112,withdrawProfit
FN:148,_calculateDynamicFee
FN:168,pause
FN:173,unpause
FN:180,emergencyWithdraw
FN:193,totalAssets
FNF:11
FNH:1
FNDA:0,onlyFactory
FNDA:1,initialize
FNDA:0,_authorizeUpgrade
FNDA:0,deposit
FNDA:0,registerProfit
FNDA:0,withdrawProfit
FNDA:0,_calculateDynamicFee
FNDA:0,pause
FNDA:0,unpause
FNDA:0,emergencyWithdraw
FNDA:0,totalAssets
DA:62,0
DA:63,0
DA:72,1
DA:73,1
DA:74,1
DA:75,1
DA:76,1
DA:78,1
DA:79,1
DA:80,1
DA:81,1
DA:82,1
DA:90,0
DA:91,0
DA:92,0
DA:94,0
DA:95,0
DA:96,0
DA:97,0
DA:98,0
DA:100,0
DA:101,0
DA:105,0
DA:106,0
DA:107,0
DA:108,0
DA:109,0
DA:113,0
DA:114,0
DA:117,0
DA:119,0
DA:120,0
DA:121,0
DA:122,0
DA:123,0
DA:126,0
DA:127,0
DA:128,0
DA:129,0
DA:130,0
DA:133,0
DA:134,0
DA:136,0
DA:137,0
DA:138,0
DA:141,0
DA:142,0
DA:144,0
DA:145,0
DA:153,0
DA:154,0
DA:155,0
DA:157,0
DA:159,0
DA:161,0
DA:162,0
DA:163,0
DA:169,0
DA:170,0
DA:174,0
DA:175,0
DA:181,0
DA:182,0
DA:184,0
DA:185,0
DA:186,0
DA:194,0
LF:67
LH:10
BRDA:62,1,0,0
BRDA:62,1,1,0
BRDA:71,2,0,1
BRDA:71,2,1,0
BRDA:78,3,0,0
BRDA:78,3,1,1
BRDA:78,4,0,0
BRDA:78,4,1,0
BRDA:79,5,0,0
BRDA:79,5,1,1
BRDA:85,6,0,0
BRDA:85,6,1,0
BRDA:89,7,0,0
BRDA:89,7,1,0
BRDA:89,8,0,0
BRDA:89,8,1,0
BRDA:90,9,0,0
BRDA:90,9,1,0
BRDA:92,10,0,0
BRDA:92,10,1,0
BRDA:104,11,0,0
BRDA:104,11,1,0
BRDA:112,12,0,0
BRDA:112,12,1,0
BRDA:112,13,0,0
BRDA:112,13,1,0
BRDA:114,14,0,0
BRDA:114,14,1,0
BRDA:127,15,0,0
BRDA:127,15,1,0
BRDA:154,16,0,0
BRDA:154,16,1,0
BRDA:156,17,0,0
BRDA:156,17,1,0
BRDA:162,18,0,0
BRDA:162,18,1,0
BRDA:169,19,0,0
BRDA:169,19,1,0
BRDA:174,20,0,0
BRDA:174,20,1,0
BRDA:180,21,0,0
BRDA:180,21,1,0
BRDA:180,22,0,0
BRDA:180,22,1,0
BRDA:181,23,0,0
BRDA:181,23,1,0
BRDA:185,24,0,0
BRDA:185,24,1,0
BRF:48
BRH:3
end_of_record
TN:
SF:C:\Users\filip\OneDrive\Desktop\TRUDEx\TRUDE\contracts\USDCMock.sol
FN:7,constructor
FN:11,decimals
FNF:2
FNH:1
FNDA:1,constructor
FNDA:0,decimals
DA:8,1
DA:12,0
LF:2
LH:1
BRF:0
BRH:0
end_of_record
